1695524990148:findAllBooks
1695525014466:find-all-books
1695525076611:help
1695525091392:stacktrace
1695525464747:find-all-books
1695525483086:save-book
1695525510129:save-book abc wolber 2023
1695525519152:find-all-books
1700470276343:save-book "The Idiot" "Dostoyevsky" 1923
1700470286400:find-all-books
1700471141264:./mvnw -DskipTests package appengine:deploy
1700643917312:findAllBooks
1700643924167:find-All-Books
1700643955700:find-all-books
1700643983652:sign-up
1700645926010:sign-up "ljp" "123"
1700647749031:find-all-users
1700648203020:check-user-login "ljp" "123"
1700648222372:check-user-login "ljp" "1234"
1700648228263:check-user-login "ljpl" "123"
1701850744823:find-all-books
1701850805144:save-book "The Idiot" "Dostoyevsky" 1923
1701850808641:find-all-books
